2018-01-23 11:25:38,148 - system - INFO - Account register failed
2018-01-23 11:25:54,711 - system - INFO - Account 10003 sign in successed
2018-01-23 11:25:57,859 - system - INFO - Account 10003 permission access denied.
2018-01-23 11:26:04,013 - system - INFO - Account 10003 permission access denied.
2018-01-23 11:28:32,839 - system - INFO - Account 10003 sign in successed
2018-01-23 11:28:37,857 - system - INFO - Account 10003 modify account user info successed
2018-01-23 11:30:43,173 - system - INFO - Account 10003 sign in successed
2018-01-23 11:30:48,526 - system - INFO - Account 10003 modify account user info successed
2018-01-23 11:31:50,613 - system - INFO - Account 10003 sign in successed
2018-01-23 11:31:55,882 - system - INFO - Account 10003 modify account user info successed
2018-01-23 11:34:41,445 - system - INFO - Account 10003 sign in successed
2018-01-23 11:35:45,120 - system - INFO - Account 10003 Course scheduling modify successed
2018-01-23 11:35:45,121 - system - INFO - Account 10003 Course scheduling modify successed
2018-01-23 11:37:24,340 - system - INFO - Sign in failed
2018-01-23 11:37:46,409 - system - INFO - Sign in failed
2018-01-23 11:40:26,582 - system - INFO - Account 10000 sign in successed
2018-01-23 11:40:59,700 - system - INFO - 10000 update school beijing_oldboy_school success
2018-01-23 11:41:41,183 - system - INFO - 10000 update school shanghai_oldboy_school success
2018-01-23 11:42:11,663 - system - INFO - Account 10005 register sucessed
2018-01-24 14:42:37,763 - system - INFO - Account register failed
2018-07-12 07:30:00,962 - system - INFO - Account 10006 register sucessed
